# JRE version: OpenJDK Runtime Environment (21.0.6) (build 21.0.6+-13368085-b895.109)
# Java VM: OpenJDK 64-Bit Server VM (21.0.6+-13368085-b895.109, mixed mode, tiered, compressed oops, compressed class ptrs, g1 gc, windows-amd64)
GC Precious Log:
 CardTable entry size: 512
 Card Set container configuration: InlinePtr #cards 5 size 8 Array Of Cards #cards 12 size 40 Howl #buckets 4 coarsen threshold 1843 Howl Bitmap #cards 512 size 80 coarsen threshold 460 Card regions per heap region 1 cards per card region 2048
 CPUs: 8 total, 8 available
 Memory: 16082M
 Large Page Support: Disabled
 NUMA Support: Disabled
 Compressed Oops: Enabled (32-bit)
 Heap Region Size: 1M
 Heap Min Capacity: 8M
 Heap Initial Capacity: 252M
 Heap Max Capacity: 2G
 Pre-touch: Disabled
 Parallel Workers: 8
 Concurrent Workers: 2
 Concurrent Refinement Workers: 8
 Periodic GC: Disabled
Heap:
 garbage-first heap   total 465920K, used 267430K [0x0000000080000000, 0x0000000100000000)
  region size 1024K, 34 young (34816K), 13 survivors (13312K)
 Metaspace       used 226953K, committed 230016K, reserved 1310720K
  class space    used 28255K, committed 29824K, reserved 1048576K
GC Heap History (20 events):
Event: 199.760 GC heap before
{Heap before GC invocations=111 (full 0):
 garbage-first heap   total 424960K, used 399581K [0x0000000080000000, 0x0000000100000000)
  region size 1024K, 158 young (161792K), 6 survivors (6144K)
 Metaspace       used 202650K, committed 205504K, reserved 1245184K
  class space    used 25426K, committed 26880K, reserved 1048576K
}
Event: 199.781 GC heap after
{Heap after GC invocations=112 (full 0):
 garbage-first heap   total 424960K, used 245924K [0x0000000080000000, 0x0000000100000000)
  region size 1024K, 12 young (12288K), 12 survivors (12288K)
 Metaspace       used 202650K, committed 205504K, reserved 1245184K
  class space    used 25426K, committed 26880K, reserved 1048576K
}
Event: 207.546 GC heap before
{Heap before GC invocations=112 (full 0):
 garbage-first heap   total 424960K, used 388260K [0x0000000080000000, 0x0000000100000000)
  region size 1024K, 152 young (155648K), 12 survivors (12288K)
 Metaspace       used 203767K, committed 206656K, reserved 1245184K
  class space    used 25551K, committed 27008K, reserved 1048576K
}
Event: 207.571 GC heap after
{Heap after GC invocations=113 (full 0):
 garbage-first heap   total 424960K, used 245946K [0x0000000080000000, 0x0000000100000000)
  region size 1024K, 12 young (12288K), 12 survivors (12288K)
 Metaspace       used 203767K, committed 206656K, reserved 1245184K
  class space    used 25551K, committed 27008K, reserved 1048576K
}
Event: 238.240 GC heap before
{Heap before GC invocations=113 (full 0):
 garbage-first heap   total 424960K, used 388282K [0x0000000080000000, 0x0000000100000000)
  region size 1024K, 152 young (155648K), 12 survivors (12288K)
 Metaspace       used 207099K, committed 210048K, reserved 1245184K
  class space    used 25969K, committed 27456K, reserved 1048576K
}
Event: 238.283 GC heap after
{Heap after GC invocations=114 (full 0):
 garbage-first heap   total 424960K, used 253429K [0x0000000080000000, 0x0000000100000000)
  region size 1024K, 13 young (13312K), 13 survivors (13312K)
 Metaspace       used 207099K, committed 210048K, reserved 1245184K
  class space    used 25969K, committed 27456K, reserved 1048576K
}
Event: 244.712 GC heap before
{Heap before GC invocations=115 (full 0):
 garbage-first heap   total 424960K, used 382453K [0x0000000080000000, 0x0000000100000000)
  region size 1024K, 145 young (148480K), 13 survivors (13312K)
 Metaspace       used 213723K, committed 216768K, reserved 1245184K
  class space    used 26805K, committed 28352K, reserved 1048576K
}
Event: 244.750 GC heap after
{Heap after GC invocations=116 (full 0):
 garbage-first heap   total 424960K, used 259448K [0x0000000080000000, 0x0000000100000000)
  region size 1024K, 19 young (19456K), 19 survivors (19456K)
 Metaspace       used 213723K, committed 216768K, reserved 1245184K
  class space    used 26805K, committed 28352K, reserved 1048576K
}
Event: 252.716 GC heap before
{Heap before GC invocations=116 (full 0):
 garbage-first heap   total 424960K, used 413048K [0x0000000080000000, 0x0000000100000000)
  region size 1024K, 139 young (142336K), 19 survivors (19456K)
 Metaspace       used 214904K, committed 217920K, reserved 1245184K
  class space    used 26889K, committed 28416K, reserved 1048576K
}
Event: 252.798 GC heap after
{Heap after GC invocations=117 (full 0):
 garbage-first heap   total 465920K, used 262656K [0x0000000080000000, 0x0000000100000000)
  region size 1024K, 18 young (18432K), 18 survivors (18432K)
 Metaspace       used 214904K, committed 217920K, reserved 1245184K
  class space    used 26889K, committed 28416K, reserved 1048576K
}
Event: 257.559 GC heap before
{Heap before GC invocations=117 (full 0):
 garbage-first heap   total 465920K, used 388608K [0x0000000080000000, 0x0000000100000000)
  region size 1024K, 143 young (146432K), 18 survivors (18432K)
 Metaspace       used 218904K, committed 221888K, reserved 1245184K
  class space    used 27196K, committed 28672K, reserved 1048576K
}
Event: 257.580 GC heap after
{Heap after GC invocations=118 (full 0):
 garbage-first heap   total 465920K, used 261998K [0x0000000080000000, 0x0000000100000000)
  region size 1024K, 3 young (3072K), 3 survivors (3072K)
 Metaspace       used 218904K, committed 221888K, reserved 1245184K
  class space    used 27196K, committed 28672K, reserved 1048576K
}
Event: 278.223 GC heap before
{Heap before GC invocations=119 (full 0):
 garbage-first heap   total 465920K, used 424814K [0x0000000080000000, 0x0000000100000000)
  region size 1024K, 161 young (164864K), 3 survivors (3072K)
 Metaspace       used 221376K, committed 224448K, reserved 1245184K
  class space    used 27513K, committed 29056K, reserved 1048576K
}
Event: 278.236 GC heap after
{Heap after GC invocations=120 (full 0):
 garbage-first heap   total 465920K, used 266593K [0x0000000080000000, 0x0000000100000000)
  region size 1024K, 8 young (8192K), 8 survivors (8192K)
 Metaspace       used 221376K, committed 224448K, reserved 1245184K
  class space    used 27513K, committed 29056K, reserved 1048576K
}
Event: 280.315 GC heap before
{Heap before GC invocations=120 (full 0):
 garbage-first heap   total 465920K, used 427361K [0x0000000080000000, 0x0000000100000000)
  region size 1024K, 166 young (169984K), 8 survivors (8192K)
 Metaspace       used 222473K, committed 225600K, reserved 1310720K
  class space    used 27650K, committed 29248K, reserved 1048576K
}
Event: 280.336 GC heap after
{Heap after GC invocations=121 (full 0):
 garbage-first heap   total 465920K, used 258445K [0x0000000080000000, 0x0000000100000000)
  region size 1024K, 12 young (12288K), 12 survivors (12288K)
 Metaspace       used 222473K, committed 225600K, reserved 1310720K
  class space    used 27650K, committed 29248K, reserved 1048576K
}
Event: 281.375 GC heap before
{Heap before GC invocations=121 (full 0):
 garbage-first heap   total 465920K, used 308621K [0x0000000080000000, 0x0000000100000000)
  region size 1024K, 63 young (64512K), 12 survivors (12288K)
 Metaspace       used 222730K, committed 225792K, reserved 1310720K
  class space    used 27692K, committed 29248K, reserved 1048576K
}
Event: 281.387 GC heap after
{Heap after GC invocations=122 (full 0):
 garbage-first heap   total 465920K, used 261769K [0x0000000080000000, 0x0000000100000000)
  region size 1024K, 16 young (16384K), 16 survivors (16384K)
 Metaspace       used 222730K, committed 225792K, reserved 1310720K
  class space    used 27692K, committed 29248K, reserved 1048576K
}
Event: 285.214 GC heap before
{Heap before GC invocations=123 (full 0):
 garbage-first heap   total 465920K, used 408201K [0x0000000080000000, 0x0000000100000000)
  region size 1024K, 174 young (178176K), 16 survivors (16384K)
 Metaspace       used 226358K, committed 229440K, reserved 1310720K
  class space    used 28189K, committed 29760K, reserved 1048576K
}
Event: 285.230 GC heap after
{Heap after GC invocations=124 (full 0):
 garbage-first heap   total 465920K, used 247974K [0x0000000080000000, 0x0000000100000000)
  region size 1024K, 13 young (13312K), 13 survivors (13312K)
 Metaspace       used 226358K, committed 229440K, reserved 1310720K
  class space    used 28189K, committed 29760K, reserved 1048576K
}

